[ 07.01.2017 - 02:41:12 ]
    (MSG) [2] in SMILExtract : openSMILE starting!
[ 07.01.2017 - 02:41:12 ]
    (MSG) [2] in SMILExtract : config file is: ../lib/openSMILE/IS09_emotion.conf
[ 07.01.2017 - 02:41:12 ]
    (MSG) [2] in cComponentManager : successfully registered 95 component types.
[ 07.01.2017 - 02:41:12 ]
    (MSG) [2] in instance 'lldsink' : No filename given, disabling this sink component.
[ 07.01.2017 - 02:41:12 ]
    (MSG) [2] in instance 'lldhtksink' : No filename given, disabling this sink component.
[ 07.01.2017 - 02:41:12 ]
    (MSG) [2] in instance 'lldarffsink' : No filename given, disabling this sink component.
[ 07.01.2017 - 02:41:12 ]
    (MSG) [2] in instance 'csvsink' : No filename given, disabling this sink component.
[ 07.01.2017 - 02:41:12 ]
    (MSG) [2] in instance 'htksink' : No filename given, disabling this sink component.
[ 07.01.2017 - 02:41:12 ]
    (MSG) [2] in instance 'arffsink' : writing ARFF header (384 features)...
[ 07.01.2017 - 02:41:12 ]
    (MSG) [2] in cComponentManager : successfully finished createInstances
                                 (25 component instances were finalised, 1 data memories were finalised)
[ 07.01.2017 - 02:41:12 ]
    (MSG) [2] in cComponentManager : starting single thread processing loop
[ 07.01.2017 - 02:41:12 ]
    (MSG) [2] in cComponentManager : Processing finished! System ran for 57 ticks.
